<?xml version="1.0" encoding="UTF-8"?>
<!-- Generated by org.testng.reporters.JUnitXMLReporter -->
<testsuite ignored="0" hostname="MR-CHAPAI" failures="0" tests="1" name="Command line test" time="0.305" errors="0" timestamp="2024-03-13T14:16:27 CDT">
  <testcase classname="step_defination.BaseTest" name="@BeforeTest browser" time="-1.710357387269E9">
    <failure type="org.testng.TestNGException" message="
Parameter &amp;apos;browser&amp;apos; is required by BeforeTest on method browser but has not been marked @Optional or defined
">
      <![CDATA[org.testng.TestNGException: 
Parameter 'browser' is required by BeforeTest on method browser but has not been marked @Optional or defined

... Removed 31 stack frames]]>
    </failure>
  </testcase> <!-- @BeforeTest browser -->
  <testcase classname="io.cucumber.testng.AbstractTestNGCucumberTests" name="runScenario" time="0.0">
    <skipped/>
  </testcase> <!-- runScenario -->
</testsuite> <!-- Command line test -->
